<?xml version="1.0" encoding="UTF-8"?>
<testsuite name="SquareTest" tests="1" skipped="0" failures="0" errors="0" timestamp="2022-05-20T18:56:31" hostname="LAPTOP-IKO5VIJN" time="0.006">
  <properties/>
  <testcase name="testArea" classname="SquareTest" time="0.006"/>
  <system-out><![CDATA[]]></system-out>
  <system-err><![CDATA[]]></system-err>
</testsuite>
